<?xml version="1.0" encoding="UTF-8"?>
<testng-results ignored="0" total="1" passed="1" failed="0" skipped="0">
  <reporter-output>
  </reporter-output>
  <suite started-at="2023-01-30T13:36:10 IST" name="Default suite" finished-at="2023-01-30T13:36:40 IST" duration-ms="30091">
    <groups>
    </groups>
    <test started-at="2023-01-30T13:36:10 IST" name="Default test" finished-at="2023-01-30T13:36:40 IST" duration-ms="30091">
      <class name="com.src.webcomponents.FrameDemo">
        <test-method is-config="true" signature="setup()[pri:0, instance:com.src.webcomponents.FrameDemo@1e6a3214]" started-at="2023-01-30T13:36:10 IST" name="setup" finished-at="2023-01-30T13:36:39 IST" duration-ms="28802" status="PASS">
          <reporter-output>
          </reporter-output>
        </test-method> <!-- setup -->
        <test-method signature="testsimplealert()[pri:0, instance:com.src.webcomponents.FrameDemo@1e6a3214]" started-at="2023-01-30T13:36:39 IST" name="testsimplealert" finished-at="2023-01-30T13:36:40 IST" duration-ms="1234" status="PASS">
          <reporter-output>
          </reporter-output>
        </test-method> <!-- testsimplealert -->
      </class> <!-- com.src.webcomponents.FrameDemo -->
    </test> <!-- Default test -->
  </suite> <!-- Default suite -->
</testng-results>
